Build started 4/7/2012 3:11:25 PM.
     1>Project "C:\CIS 660\Overcoat in Maya (previous version)\MyPlugin.vcxproj" on node 2 (build target(s)).
     1>InitializeBuildStatus:
         Touching "Win32\Debug\OverCoat.unsuccessfulbuild".
       ClCompile:
         All outputs are up-to-date.
       ManifestResourceCompile:
         c:\Program Files (x86)\Microsoft SDKs\Windows\v7.0A\bin\rc.exe /nologo /fo"Win32\Debug\OverCoat.dll.embed.manifest.res" Win32\Debug\OverCoat_manifest.rc 
     1>C:\Program Files (x86)\MSBuild\Microsoft.Cpp\v4.0\Microsoft.CppBuild.targets(990,5): warning MSB8012: TargetPath(C:\CIS 660\Overcoat in Maya (previous version)\Win32\Debug\OverCoat.dll) does not match the Linker's OutputFile property value (C:\CIS 660\Overcoat in Maya (previous version)\LSystemd.mll). This may cause your project to build incorrectly. To correct this, please make sure that $(OutDir), $(TargetName) and $(TargetExt) property values match the value specified in %(Link.OutputFile).
     1>C:\Program Files (x86)\MSBuild\Microsoft.Cpp\v4.0\Microsoft.CppBuild.targets(991,5): warning MSB8012: TargetExt(.dll) does not match the Linker's OutputFile property value (.mll). This may cause your project to build incorrectly. To correct this, please make sure that $(OutDir), $(TargetName) and $(TargetExt) property values match the value specified in %(Link.OutputFile).
     1>C:\Program Files (x86)\MSBuild\Microsoft.Cpp\v4.0\Microsoft.CppBuild.targets(992,5): warning MSB8012: TargetName(OverCoat) does not match the Linker's OutputFile property value (LSystemd). This may cause your project to build incorrectly. To correct this, please make sure that $(OutDir), $(TargetName) and $(TargetExt) property values match the value specified in %(Link.OutputFile).
       Link:
         c:\Program Files (x86)\Microsoft Visual Studio 10.0\VC\bin\link.exe /ERRORREPORT:PROMPT /OUT:".\LSystemd.mll" /INCREMENTAL /NOLOGO /LIBPATH:"C:\Program Files\Autodesk\Maya2012\lib" odbc32.lib odbccp32.lib OpenMaya.lib OpenMayaRender.lib Foundation.lib kernel32.lib user32.lib gdi32.lib winspool.lib comdlg32.lib advapi32.lib shell32.lib ole32.lib oleaut32.lib uuid.lib odbc32.lib odbccp32.lib /MANIFEST /ManifestFile:"Win32\Debug\OverCoat.dll.intermediate.manifest" /MANIFESTUAC:"level='asInvoker' uiAccess='false'" /DEBUG /PDB:".\Debug/MyPlugin.pdb" /SUBSYSTEM:WINDOWS /TLBID:1 /DYNAMICBASE /NXCOMPAT /IMPLIB:".\Debug/MyPlugin.lib" /MACHINE:X86 /DLL Win32\Debug\OverCoat.dll.embed.manifest.res
         .Debug/HairToolContext.obj
         .Debug/HairContextCommand.obj
         .Debug/PointProjection.obj
         .Debug/OverCoatCmd.obj
         .Debug/OverCoatNode.obj
         .Debug/PluginMain.obj
         .Debug/vec.obj /export:initializePlugin /export:uninitializePlugin  
     1>.Debug/PointProjection.obj : fatal error LNK1112: module machine type 'x64' conflicts with target machine type 'X86'
     1>Done Building Project "C:\CIS 660\Overcoat in Maya (previous version)\MyPlugin.vcxproj" (build target(s)) -- FAILED.

Build FAILED.

Time Elapsed 00:00:01.60
