C:\CIS 660\OVERCOAT IN MAYA (PREVIOUS VERSION)\.DEBUG\EASYBMP.OBJ
C:\CIS 660\OVERCOAT IN MAYA (PREVIOUS VERSION)\.DEBUG\FEATHERCONTEXTCOMMAND.OBJ
C:\CIS 660\OVERCOAT IN MAYA (PREVIOUS VERSION)\.DEBUG\FEATHERTOOLCONTEXT.OBJ
C:\CIS 660\OVERCOAT IN MAYA (PREVIOUS VERSION)\.DEBUG\HAIRCONTEXTCOMMAND.OBJ
C:\CIS 660\OVERCOAT IN MAYA (PREVIOUS VERSION)\.DEBUG\HAIRTOOLCONTEXT.OBJ
C:\CIS 660\OVERCOAT IN MAYA (PREVIOUS VERSION)\.DEBUG\LEVELCONTEXTCOMMAND.OBJ
C:\CIS 660\OVERCOAT IN MAYA (PREVIOUS VERSION)\.DEBUG\LEVELTOOLCONTEXT.OBJ
C:\CIS 660\OVERCOAT IN MAYA (PREVIOUS VERSION)\.DEBUG\OVERCOATCMD.OBJ
C:\CIS 660\OVERCOAT IN MAYA (PREVIOUS VERSION)\.DEBUG\OVERCOATNODE.OBJ
C:\CIS 660\OVERCOAT IN MAYA (PREVIOUS VERSION)\.DEBUG\PLUGINMAIN.OBJ
C:\CIS 660\OVERCOAT IN MAYA (PREVIOUS VERSION)\.DEBUG\VEC.OBJ
C:\CIS 660\Overcoat in Maya (previous version)\Debug\MyPlugin.exp
C:\CIS 660\Overcoat in Maya (previous version)\Debug\MyPlugin.lib
C:\CIS 660\OVERCOAT IN MAYA (PREVIOUS VERSION)\DEBUG\MYPLUGIN.PDB
C:\CIS 660\OVERCOAT IN MAYA (PREVIOUS VERSION)\OVERCOATD.ILK
C:\CIS 660\OVERCOAT IN MAYA (PREVIOUS VERSION)\OVERCOATD.MLL
C:\CIS 660\Overcoat in Maya (previous version)\x64\Debug\cl.command.1.tlog
C:\CIS 660\Overcoat in Maya (previous version)\x64\Debug\CL.read.1.tlog
C:\CIS 660\Overcoat in Maya (previous version)\x64\Debug\CL.write.1.tlog
C:\CIS 660\Overcoat in Maya (previous version)\x64\Debug\link.5504.read.1.tlog
C:\CIS 660\Overcoat in Maya (previous version)\x64\Debug\link.5504.write.1.tlog
C:\CIS 660\Overcoat in Maya (previous version)\x64\Debug\link.5504-cvtres.read.1.tlog
C:\CIS 660\Overcoat in Maya (previous version)\x64\Debug\link.5504-cvtres.write.1.tlog
C:\CIS 660\Overcoat in Maya (previous version)\x64\Debug\link.command.1.tlog
C:\CIS 660\Overcoat in Maya (previous version)\x64\Debug\link.read.1.tlog
C:\CIS 660\Overcoat in Maya (previous version)\x64\Debug\link.write.1.tlog
C:\CIS 660\Overcoat in Maya (previous version)\x64\Debug\link-cvtres.read.1.tlog
C:\CIS 660\Overcoat in Maya (previous version)\x64\Debug\link-cvtres.write.1.tlog
C:\CIS 660\Overcoat in Maya (previous version)\x64\Debug\mt.command.1.tlog
C:\CIS 660\Overcoat in Maya (previous version)\x64\Debug\mt.read.1.tlog
C:\CIS 660\Overcoat in Maya (previous version)\x64\Debug\mt.write.1.tlog
C:\CIS 660\OVERCOAT IN MAYA (PREVIOUS VERSION)\X64\DEBUG\OVERCOAT.MLL.EMBED.MANIFEST
C:\CIS 660\OVERCOAT IN MAYA (PREVIOUS VERSION)\X64\DEBUG\OVERCOAT.MLL.EMBED.MANIFEST.RES
C:\CIS 660\OVERCOAT IN MAYA (PREVIOUS VERSION)\X64\DEBUG\OVERCOAT.MLL.INTERMEDIATE.MANIFEST
C:\CIS 660\Overcoat in Maya (previous version)\x64\Debug\OverCoat.write.1.tlog
C:\CIS 660\Overcoat in Maya (previous version)\x64\Debug\OverCoat_manifest.rc
C:\CIS 660\Overcoat in Maya (previous version)\x64\Debug\rc.command.1.tlog
C:\CIS 660\Overcoat in Maya (previous version)\x64\Debug\rc.read.1.tlog
C:\CIS 660\Overcoat in Maya (previous version)\x64\Debug\rc.write.1.tlog
